Using pre-set license
Built from 'trunk' branch; Version is '2020.2.0a19 (8037ac78137e) revision 8402860'; Using compiler version '192528614'; Build Type 'Release'
OS: 'Windows 10  (10.0.0) 64bit' Language: 'en' Physical Memory: 16336 MB
BatchMode: 1, IsHumanControllingUs: 0, StartBugReporterOnCrash: 0, Is64bit: 1, IsPro: 0

 COMMAND LINE ARGUMENTS:
C:\Program Files\Unity\Hub\Editor\2020.2.0a19\Editor\Unity.exe
-adb2
-batchMode
-noUpm
-name
AssetImportWorker0
-projectPath
C:/Users/steve/Documents/UnityProjects/Sibz.UnityPackages/PackageEditor
-logFile
Logs/AssetImportWorker0.log
-srvPort
64919
Successfully changed project path to: C:/Users/steve/Documents/UnityProjects/Sibz.UnityPackages/PackageEditor
C:/Users/steve/Documents/UnityProjects/Sibz.UnityPackages/PackageEditor
Using Asset Import Pipeline V2.
Refreshing native plugins compatible for Editor in 114.95 ms, found 0 plugins.
Preloading 0 native plugins for Editor in 0.00 ms.
Initialize engine version: 2020.2.0a19 (8037ac78137e)
[Subsystems] Discovering subsystems at path C:/Program Files/Unity/Hub/Editor/2020.2.0a19/Editor/Data/Resources/UnitySubsystems
[Subsystems] Discovering subsystems at path C:/Users/steve/Documents/UnityProjects/Sibz.UnityPackages/PackageEditor/Assets
GfxDevice: creating device client; threaded=0
Direct3D:
    Version:  Direct3D 11.0 [level 11.1]
    Renderer: NVIDIA GeForce GTX 970 (ID=0x13c2)
    Vendor:   
    VRAM:     4043 MB
    Driver:   26.21.14.4141
Shader 'Universal Render Pipeline/Particles/Lit': fallback shader 'Universal Render Pipeline/Particles/SimpleLit' not found
Initialize mono
Mono path[0] = 'C:/Program Files/Unity/Hub/Editor/2020.2.0a19/Editor/Data/Managed'
Mono path[1] = 'C:/Program Files/Unity/Hub/Editor/2020.2.0a19/Editor/Data/MonoBleedingEdge/lib/mono/unityjit'
Mono config path = 'C:/Program Files/Unity/Hub/Editor/2020.2.0a19/Editor/Data/MonoBleedingEdge/etc'
Using monoOptions --debugger-agent=transport=dt_socket,embedding=1,server=y,suspend=n,address=127.0.0.1:56560
Begin MonoManager ReloadAssembly
Registering precompiled unity dll's ...
Register platform support module: C:/Program Files/Unity/Hub/Editor/2020.2.0a19/Editor/Data/PlaybackEngines/WindowsStandaloneSupport/UnityEditor.WindowsStandalone.Extensions.dll
Registered in 0.001923 seconds.
Native extension for WindowsStandalone target not found
Refreshing native plugins compatible for Editor in 56.70 ms, found 0 plugins.
Preloading 0 native plugins for Editor in 0.00 ms.
Invoked RoslynAnalysisRunner static constructor.
RoslynAnalysisRunner will not be running.
RoslynAnalysisRunner has terminated.
Mono: successfully reloaded assembly
- Completed reload, in  3.124 seconds
Registering precompiled user dll's ...
Registered in 0.136895 seconds.
Platform modules already initialized, skipping
Begin MonoManager ReloadAssembly
Symbol file LoadedFromMemory doesn't match image C:\Users\steve\Documents\UnityProjects\Sibz.UnityPackages\PackageEditor\Library\PackageCache\com.unity.ext.nunit@1.0.0\net35\unity-custom\nunit.framework.dll
Native extension for WindowsStandalone target not found
Refreshing native plugins compatible for Editor in 59.21 ms, found 0 plugins.
Preloading 0 native plugins for Editor in 0.00 ms.
Invoked RoslynAnalysisRunner static constructor.
RoslynAnalysisRunner will not be running.
RoslynAnalysisRunner has terminated.
Mono: successfully reloaded assembly
- Completed reload, in  0.942 seconds
Platform modules already initialized, skipping
========================================================================
Worker process is ready to serve import requests
RefreshInternalV2 is called before InitialScriptRefresh has been called and asset database isn't fully initialized.

Refresh completed in 0.000103 seconds.
RefreshInfo: RefreshV2(NoUpdateAssetOptions) scanfilter: 
RefreshProfiler: Total: 0.000ms
Shader 'Universal Render Pipeline/Particles/Lit': fallback shader 'Universal Render Pipeline/Particles/SimpleLit' not found
Launched and connected shader compiler UnityShaderCompiler.exe after 0.08 seconds
Refreshing native plugins compatible for Editor in 1.19 ms, found 0 plugins.
Preloading 0 native plugins for Editor in 0.00 ms.
Unloading 1837 Unused Serialized files (Serialized files now loaded: 0)
System memory in use before: 85.5 MB.
System memory in use after: 85.5 MB.

Unloading 4 unused Assets to reduce memory usage. Loaded Objects now: 2271.
Total: 2.150300 ms (FindLiveObjects: 0.339400 ms CreateObjectMapping: 0.146700 ms MarkObjects: 1.614500 ms  DeleteObjects: 0.049100 ms)

========================================================================
Received Import Request.
  path: Packages/com.sibz.list-element/Tests/Editor/Resources/sibz.list-element.tests.template.uss
  artifactKey: Guid(ea04499298ad7cd4dba21d9add4fb92d) Importer(815301076,1909f56bfc062723c751e8b465ee728b)
Start importing Packages/com.sibz.list-element/Tests/Editor/Resources/sibz.list-element.tests.template.uss using Guid(ea04499298ad7cd4dba21d9add4fb92d) Importer(815301076,1909f56bfc062723c751e8b465ee728b)  -> (artifact id: '8c54ee6ebd00a85670bcc075b7f50cad') in 0.049010 seconds
  Import took 0.053871 seconds .

========================================================================
Received Import Request.
  Time since last request: 54.468010 seconds.
  path: Packages/com.sibz.list-element/Tests/Editor/Resources
  artifactKey: Guid(b465ba4e7f9c92d4bab1c27c7f48eaec) Importer(815301076,1909f56bfc062723c751e8b465ee728b)
Start importing Packages/com.sibz.list-element/Tests/Editor/Resources using Guid(b465ba4e7f9c92d4bab1c27c7f48eaec) Importer(815301076,1909f56bfc062723c751e8b465ee728b)  -> (artifact id: '7506aa8db7795ba0bd473354b61b5830') in 0.004285 seconds
  Import took 0.009091 seconds .

========================================================================
Received Import Request.
  Time since last request: 19.173477 seconds.
  path: Packages/com.sibz.list-element/Tests/Editor/Resources/TestTemplate.uss
  artifactKey: Guid(dffaaade1ddbd894f871488216bc6906) Importer(815301076,1909f56bfc062723c751e8b465ee728b)
Start importing Packages/com.sibz.list-element/Tests/Editor/Resources/TestTemplate.uss using Guid(dffaaade1ddbd894f871488216bc6906) Importer(815301076,1909f56bfc062723c751e8b465ee728b)  -> (artifact id: '15640ba6612ddc9781103bb40f863936') in 0.004468 seconds
  Import took 0.008735 seconds .

========================================================================
Received Import Request.
  Time since last request: 17.287874 seconds.
  path: Packages/com.sibz.list-element/Tests/Editor/Resources/sibz.list-element.tests.template.uxml
  artifactKey: Guid(1266dbb5f845aa04885831203fafeb19) Importer(815301076,1909f56bfc062723c751e8b465ee728b)
Start importing Packages/com.sibz.list-element/Tests/Editor/Resources/sibz.list-element.tests.template.uxml using Guid(1266dbb5f845aa04885831203fafeb19) Importer(815301076,1909f56bfc062723c751e8b465ee728b)  -> (artifact id: '9fd965c0b74ec1b580633b5e185b5b29') in 0.012770 seconds
  Import took 0.016664 seconds .

========================================================================
Received Import Request.
  Time since last request: 82.774541 seconds.
  path: Packages/com.sibz.list-element/Editor/Resources/RowGenerator.cs
  artifactKey: Guid(f40bf45deea7be448a7aad83ffbfec61) Importer(815301076,1909f56bfc062723c751e8b465ee728b)
Start importing Packages/com.sibz.list-element/Editor/Resources/RowGenerator.cs using Guid(f40bf45deea7be448a7aad83ffbfec61) Importer(815301076,1909f56bfc062723c751e8b465ee728b)  -> (artifact id: '82422c90d42256e55477662308b44fcd') in 0.017443 seconds
  Import took 0.022832 seconds .

========================================================================
Received Import Request.
  Time since last request: 0.000624 seconds.
  path: Packages/com.sibz.list-element/Editor/Resources/RowGenerator.cs
  artifactKey: Guid(f40bf45deea7be448a7aad83ffbfec61) Importer(815301076,1909f56bfc062723c751e8b465ee728b)
Start importing Packages/com.sibz.list-element/Editor/Resources/RowGenerator.cs using Guid(f40bf45deea7be448a7aad83ffbfec61) Importer(815301076,1909f56bfc062723c751e8b465ee728b)  -> (artifact id: '82422c90d42256e55477662308b44fcd') in 0.006824 seconds
  Import took 0.015482 seconds .

